Looking for git in: git
Using git 2.32.0 from git
Opening repository for path='/home/jpierro/Dropbox/Danville_Eng/GreyWolf/arduino_freeze/arduino_210701/USB_C_CODE' failed; ex=Failed to execute git {
  "exitCode": 128,
  "gitErrorCode": "NotAGitRepository",
  "gitCommand": "rev-parse",
  "stdout": "",
  "stderr": "fatal: not a git repository (or any of the parent directories): .git\n"
}
Opening repository for path='/home/jpierro/Dropbox/Danville_Eng/GreyWolf/greywolf_3960_0_1' failed; ex=Failed to execute git {
  "exitCode": 128,
  "gitErrorCode": "NotAGitRepository",
  "gitCommand": "rev-parse",
  "stdout": "",
  "stderr": "fatal: not a git repository (or any of the parent directories): .git\n"
}
Opening repository for path='/home/jpierro/Dropbox/Danville_Eng/GreyWolf/arduino_freeze/arduino_210701/USB_C_CODE' failed; ex=Failed to execute git {
  "exitCode": 128,
  "gitErrorCode": "NotAGitRepository",
  "gitCommand": "rev-parse",
  "stdout": "",
  "stderr": "fatal: not a git repository (or any of the parent directories): .git\n"
}
Opening repository for path='/home/jpierro/Dropbox/Danville_Eng/GreyWolf/greywolf_3960_0_1/greywolf_3960_0_1.ino' failed; ex=Error: spawn ENOTDIR
Opening repository for path='/home/jpierro/Dropbox/Danville_Eng/GreyWolf/greywolf_3960_0_1/greywolf_globals.cpp' failed; ex=Error: spawn ENOTDIR
Opening repository for path='/home/jpierro/Dropbox/Danville_Eng/GreyWolf/greywolf_3960_0_1/greywolf_globals.h' failed; ex=Error: spawn ENOTDIR
Opening repository for path='/home/jpierro/Dropbox/Danville_Eng/GreyWolf/greywolf_3960_0_1/greywolf_messaging.cpp' failed; ex=Error: spawn ENOTDIR
Opening repository for path='/home/jpierro/Dropbox/Danville_Eng/GreyWolf/greywolf_3960_0_1/greywolf_spi.cpp' failed; ex=Error: spawn ENOTDIR
Opening repository for path='/home/jpierro/Dropbox/Danville_Eng/GreyWolf/arduino_freeze/arduino_210701/USB_C_CODE/Config' failed; ex=Failed to execute git {
  "exitCode": 128,
  "gitErrorCode": "NotAGitRepository",
  "gitCommand": "rev-parse",
  "stdout": "",
  "stderr": "fatal: not a git repository (or any of the parent directories): .git\n"
}
Opening repository for path='/home/jpierro/Dropbox/Danville_Eng/GreyWolf/arduino_freeze/arduino_210701/USB_C_CODE/Descriptors.c' failed; ex=Error: spawn ENOTDIR
Opening repository for path='/home/jpierro/Dropbox/Danville_Eng/GreyWolf/arduino_freeze/arduino_210701/USB_C_CODE/Descriptors.h' failed; ex=Error: spawn ENOTDIR
Opening repository for path='/home/jpierro/Dropbox/Danville_Eng/GreyWolf/arduino_freeze/arduino_210701/USB_C_CODE/GreyWolf.c' failed; ex=Error: spawn ENOTDIR
Opening repository for path='/home/jpierro/Dropbox/Danville_Eng/GreyWolf/arduino_freeze/arduino_210701/USB_C_CODE/GreyWolf.h' failed; ex=Error: spawn ENOTDIR
Opening repository for path='/home/jpierro/Dropbox/Danville_Eng/GreyWolf/arduino_freeze/arduino_210701/USB_C_CODE/include' failed; ex=Failed to execute git {
  "exitCode": 128,
  "gitErrorCode": "NotAGitRepository",
  "gitCommand": "rev-parse",
  "stdout": "",
  "stderr": "fatal: not a git repository (or any of the parent directories): .git\n"
}
Opening repository for path='/home/jpierro/Dropbox/Danville_Eng/GreyWolf/arduino_freeze/arduino_210701/USB_C_CODE/makefile' failed; ex=Error: spawn ENOTDIR
Opening repository for path='/home/jpierro/Dropbox/Danville_Eng/GreyWolf/arduino_freeze/arduino_210701/USB_C_CODE/obj' failed; ex=Failed to execute git {
  "exitCode": 128,
  "gitErrorCode": "NotAGitRepository",
  "gitCommand": "rev-parse",
  "stdout": "",
  "stderr": "fatal: not a git repository (or any of the parent directories): .git\n"
}
Opening repository for path='/home/jpierro/Dropbox/Danville_Eng/GreyWolf/arduino_freeze/arduino_210701/USB_C_CODE' failed; ex=Failed to execute git {
  "exitCode": 128,
  "gitErrorCode": "NotAGitRepository",
  "gitCommand": "rev-parse",
  "stdout": "",
  "stderr": "fatal: not a git repository (or any of the parent directories): .git\n"
}
Opening repository for path='/home/jpierro/Dropbox/Danville_Eng/GreyWolf/greywolf_3960_0_1' failed; ex=Failed to execute git {
  "exitCode": 128,
  "gitErrorCode": "NotAGitRepository",
  "gitCommand": "rev-parse",
  "stdout": "",
  "stderr": "fatal: not a git repository (or any of the parent directories): .git\n"
}
Opening repository for path='/home/jpierro/Dropbox/Danville_Eng/GreyWolf/arduino_freeze/arduino_210701/USB_C_CODE' failed; ex=Failed to execute git {
  "exitCode": 128,
  "gitErrorCode": "NotAGitRepository",
  "gitCommand": "rev-parse",
  "stdout": "",
  "stderr": "fatal: not a git repository (or any of the parent directories): .git\n"
}
Opening repository for path='/home/jpierro/Dropbox/Danville_Eng/GreyWolf/arduino_freeze/arduino_210701/USB_C_CODE' failed; ex=Failed to execute git {
  "exitCode": 128,
  "gitErrorCode": "NotAGitRepository",
  "gitCommand": "rev-parse",
  "stdout": "",
  "stderr": "fatal: not a git repository (or any of the parent directories): .git\n"
}
> git rev-parse --git-dir
Open repository: /home/jpierro/Arduino/libraries/LUFA
> git status -z -u
> git symbolic-ref --short HEAD
> git for-each-ref --format=%(refname)%00%(upstream:short)%00%(objectname)%00%(upstream:track) refs/heads/master refs/remotes/master
> git for-each-ref --sort -committerdate --format %(refname) %(objectname) %(*objectname)
> git remote --verbose
Warning: Failed to watch ref '/home/jpierro/Arduino/libraries/LUFA/.git/refs/remotes/origin/master', is most likely packed.
> git config --get commit.template
> git show --textconv :activate.py
> git ls-files --stage -- /home/jpierro/Arduino/libraries/LUFA/activate.py
> git cat-file -s 9c23c72ccfc5d5b720fa094bb9cd31c7bda6ea19
> git rev-parse --git-dir
Open repository: /home/jpierro/Arduino/libraries/LUFA/LUFA
> git status -z -u
> git check-ignore -v -z --stdin
> git symbolic-ref --short HEAD
fatal: ref HEAD is not a symbolic ref
> git rev-parse HEAD
> git for-each-ref --sort -committerdate --format %(refname) %(objectname) %(*objectname)
> git remote --verbose
> git config --get commit.template
> git check-ignore -v -z --stdin
Opening repository for path='/home/jpierro/Dropbox/Danville_Eng/GreyWolf/arduino_freeze/arduino_210701/USB_C_CODE' failed; ex=Failed to execute git {
  "exitCode": 128,
  "gitErrorCode": "NotAGitRepository",
  "gitCommand": "rev-parse",
  "stdout": "",
  "stderr": "fatal: not a git repository (or any of the parent directories): .git\n"
}
> git show --textconv :install.py
> git ls-files --stage -- /home/jpierro/Arduino/libraries/LUFA/install.py
> git cat-file -s fa8d2e179ded5d0ff287eb7219e7091c40b25555
> git check-ignore -v -z --stdin
> git show --textconv :docs/manual_installation.md
> git ls-files --stage -- /home/jpierro/Arduino/libraries/LUFA/docs/manual_installation.md
> git cat-file -s a56e3a933605166ffa0268f1190f36ce7f0aee99
> git check-ignore -v -z --stdin
