[  1265.539] (WW) Failed to open protocol names file lib/xorg/protocol.txt
[  1265.541] 
X.Org X Server 1.20.11
X Protocol Version 11, Revision 0
[  1265.545] Build Operating System: Linux Archlinux
[  1265.546] Current Operating System: Linux archHPEnvy 5.12.12-arch1-1 #1 SMP PREEMPT Fri, 18 Jun 2021 21:59:22 +0000 x86_64
[  1265.546] Kernel command line: BOOT_IMAGE=/vmlinuz-linux root=UUID=89ea6345-597f-4d4b-bd0e-d08c19ab951b rw loglevel=3 quiet splash nomodeset
[  1265.550] Build Date: 13 April 2021  03:12:10PM
[  1265.551]  
[  1265.553] Current version of pixman: 0.40.0
[  1265.555] 	Before reporting problems, check http://wiki.x.org
	to make sure that you have the latest version.
[  1265.555] Markers: (--) probed, (**) from config file, (==) default setting,
	(++) from command line, (!!) notice, (II) informational,
	(WW) warning, (EE) error, (NI) not implemented, (??) unknown.
[  1265.561] (==) Log file: "/home/jpierro/.local/share/xorg/Xorg.0.log", Time: Wed Jun 23 04:48:11 2021
[  1265.564] (==) Using system config directory "/usr/share/X11/xorg.conf.d"
[  1265.564] (==) No Layout section.  Using the first Screen section.
[  1265.564] (==) No screen section available. Using defaults.
[  1265.564] (**) |-->Screen "Default Screen Section" (0)
[  1265.564] (**) |   |-->Monitor "<default monitor>"
[  1265.565] (==) No monitor specified for screen "Default Screen Section".
	Using a default monitor configuration.
[  1265.565] (==) Automatically adding devices
[  1265.565] (==) Automatically enabling devices
[  1265.565] (==) Automatically adding GPU devices
[  1265.565] (==) Automatically binding GPU devices
[  1265.565] (==) Max clients allowed: 256, resource mask: 0x1fffff
[  1265.565] (WW) The directory "/usr/share/fonts/misc" does not exist.
[  1265.565] 	Entry deleted from font path.
[  1265.565] (WW) The directory "/usr/share/fonts/TTF" does not exist.
[  1265.565] 	Entry deleted from font path.
[  1265.565] (WW) The directory "/usr/share/fonts/OTF" does not exist.
[  1265.565] 	Entry deleted from font path.
[  1265.565] (WW) The directory "/usr/share/fonts/Type1" does not exist.
[  1265.565] 	Entry deleted from font path.
[  1265.565] (==) FontPath set to:
	/usr/share/fonts/100dpi,
	/usr/share/fonts/75dpi
[  1265.565] (==) ModulePath set to "/usr/lib/xorg/modules"
[  1265.565] (II) The server relies on udev to provide the list of input devices.
	If no devices become available, reconfigure udev or disable AutoAddDevices.
[  1265.565] (II) Module ABI versions:
[  1265.565] 	X.Org ANSI C Emulation: 0.4
[  1265.565] 	X.Org Video Driver: 24.1
[  1265.565] 	X.Org XInput driver : 24.1
[  1265.565] 	X.Org Server Extension : 10.0
[  1265.566] (++) using VT number 2

[  1265.566] (--) controlling tty is VT number 2, auto-enabling KeepTty
[  1265.569] (II) systemd-logind: took control of session /org/freedesktop/login1/session/_31
[  1265.570] (--) PCI:*(4@0:0:0) 1002:1636:103c:87a9 rev 194, Mem @ 0xd0000000/268435456, 0xe0000000/2097152, 0xfcb00000/524288, I/O @ 0x0000f000/256
[  1265.570] (WW) Open ACPI failed (/var/run/acpid.socket) (No such file or directory)
[  1265.570] (II) LoadModule: "glx"
[  1265.571] (II) Loading /usr/lib/xorg/modules/extensions/libglx.so
[  1265.573] (II) Module glx: vendor="X.Org Foundation"
[  1265.573] 	compiled for 1.20.11, module version = 1.0.0
[  1265.573] 	ABI class: X.Org Server Extension, version 10.0
[  1265.573] (==) Matched ati as autoconfigured driver 0
[  1265.573] (==) Matched modesetting as autoconfigured driver 1
[  1265.573] (==) Matched fbdev as autoconfigured driver 2
[  1265.573] (==) Matched vesa as autoconfigured driver 3
[  1265.573] (==) Assigned the driver to the xf86ConfigLayout
[  1265.573] (II) LoadModule: "ati"
[  1265.573] (WW) Warning, couldn't open module ati
[  1265.573] (EE) Failed to load module "ati" (module does not exist, 0)
[  1265.573] (II) LoadModule: "modesetting"
[  1265.573] (II) Loading /usr/lib/xorg/modules/drivers/modesetting_drv.so
[  1265.574] (II) Module modesetting: vendor="X.Org Foundation"
[  1265.574] 	compiled for 1.20.11, module version = 1.20.11
[  1265.574] 	Module class: X.Org Video Driver
[  1265.574] 	ABI class: X.Org Video Driver, version 24.1
[  1265.574] (II) LoadModule: "fbdev"
[  1265.574] (WW) Warning, couldn't open module fbdev
[  1265.574] (EE) Failed to load module "fbdev" (module does not exist, 0)
[  1265.574] (II) LoadModule: "vesa"
[  1265.574] (II) Loading /usr/lib/xorg/modules/drivers/vesa_drv.so
[  1265.574] (II) Module vesa: vendor="X.Org Foundation"
[  1265.574] 	compiled for 1.20.9, module version = 2.5.0
[  1265.574] 	Module class: X.Org Video Driver
[  1265.574] 	ABI class: X.Org Video Driver, version 24.1
[  1265.574] (II) modesetting: Driver for Modesetting Kernel Drivers: kms
[  1265.574] (II) VESA: driver for VESA chipsets: vesa
[  1265.574] xf86EnableIOPorts: failed to set IOPL for I/O (Operation not permitted)
[  1265.574] (EE) open /dev/dri/card0: No such file or directory
[  1265.574] (WW) Falling back to old probe method for modesetting
[  1265.574] (EE) open /dev/dri/card0: No such file or directory
[  1265.574] vesa: Refusing to run on UEFI
[  1265.574] (WW) VGA arbiter: cannot open kernel arbiter, no multi-card support
[  1265.574] (EE) Screen 0 deleted because of no matching config section.
[  1265.574] (II) UnloadModule: "modesetting"
[  1265.574] (EE) Device(s) detected, but none match those in the config file.
[  1265.574] (EE) 
Fatal server error:
[  1265.574] (EE) no screens found(EE) 
[  1265.574] (EE) 
Please consult the The X.Org Foundation support 
	 at http://wiki.x.org
 for help. 
[  1265.574] (EE) Please also check the log file at "/home/jpierro/.local/share/xorg/Xorg.0.log" for additional information.
[  1265.574] (EE) 
[  1265.576] (EE) Server terminated with error (1). Closing log file.
