Looking for git in: git
Using git 2.32.0 from git
Opening repository for path='/home/jpierro/Dropbox/Danville_Eng/GreyWolf/arduino_freeze/arduino_210701/USB_C_CODE' failed; ex=Failed to execute git {
  "exitCode": 128,
  "gitErrorCode": "NotAGitRepository",
  "gitCommand": "rev-parse",
  "stdout": "",
  "stderr": "fatal: not a git repository (or any of the parent directories): .git\n"
}
Opening repository for path='/home/jpierro/Dropbox/Danville_Eng/GreyWolf/greywolf_3960_0_1' failed; ex=Failed to execute git {
  "exitCode": 128,
  "gitErrorCode": "NotAGitRepository",
  "gitCommand": "rev-parse",
  "stdout": "",
  "stderr": "fatal: not a git repository (or any of the parent directories): .git\n"
}
Opening repository for path='/home/jpierro/Dropbox/Danville_Eng/GreyWolf/arduino_freeze/arduino_210701/USB_C_CODE' failed; ex=Failed to execute git {
  "exitCode": 128,
  "gitErrorCode": "NotAGitRepository",
  "gitCommand": "rev-parse",
  "stdout": "",
  "stderr": "fatal: not a git repository (or any of the parent directories): .git\n"
}
Opening repository for path='/home/jpierro/Dropbox/Danville_Eng/GreyWolf/arduino_freeze/arduino_210701/USB_C_CODE/Config' failed; ex=Failed to execute git {
  "exitCode": 128,
  "gitErrorCode": "NotAGitRepository",
  "gitCommand": "rev-parse",
  "stdout": "",
  "stderr": "fatal: not a git repository (or any of the parent directories): .git\n"
}
Opening repository for path='/home/jpierro/Dropbox/Danville_Eng/GreyWolf/arduino_freeze/arduino_210701/USB_C_CODE/Descriptors.c' failed; ex=Error: spawn ENOTDIR
Opening repository for path='/home/jpierro/Dropbox/Danville_Eng/GreyWolf/arduino_freeze/arduino_210701/USB_C_CODE/Descriptors.h' failed; ex=Error: spawn ENOTDIR
Opening repository for path='/home/jpierro/Dropbox/Danville_Eng/GreyWolf/arduino_freeze/arduino_210701/USB_C_CODE/GreyWolf.c' failed; ex=Error: spawn ENOTDIR
Opening repository for path='/home/jpierro/Dropbox/Danville_Eng/GreyWolf/arduino_freeze/arduino_210701/USB_C_CODE/GreyWolf.h' failed; ex=Error: spawn ENOTDIR
Opening repository for path='/home/jpierro/Dropbox/Danville_Eng/GreyWolf/arduino_freeze/arduino_210701/USB_C_CODE/include' failed; ex=Failed to execute git {
  "exitCode": 128,
  "gitErrorCode": "NotAGitRepository",
  "gitCommand": "rev-parse",
  "stdout": "",
  "stderr": "fatal: not a git repository (or any of the parent directories): .git\n"
}
Opening repository for path='/home/jpierro/Dropbox/Danville_Eng/GreyWolf/arduino_freeze/arduino_210701/USB_C_CODE/makefile' failed; ex=Error: spawn ENOTDIR
Opening repository for path='/home/jpierro/Dropbox/Danville_Eng/GreyWolf/arduino_freeze/arduino_210701/USB_C_CODE/obj' failed; ex=Failed to execute git {
  "exitCode": 128,
  "gitErrorCode": "NotAGitRepository",
  "gitCommand": "rev-parse",
  "stdout": "",
  "stderr": "fatal: not a git repository (or any of the parent directories): .git\n"
}
Opening repository for path='/home/jpierro/Dropbox/Danville_Eng/GreyWolf/greywolf_3960_0_1/greywolf_3960_0_1.ino' failed; ex=Error: spawn ENOTDIR
Opening repository for path='/home/jpierro/Dropbox/Danville_Eng/GreyWolf/greywolf_3960_0_1/greywolf_globals.cpp' failed; ex=Error: spawn ENOTDIR
Opening repository for path='/home/jpierro/Dropbox/Danville_Eng/GreyWolf/greywolf_3960_0_1/greywolf_globals.h' failed; ex=Error: spawn ENOTDIR
Opening repository for path='/home/jpierro/Dropbox/Danville_Eng/GreyWolf/greywolf_3960_0_1/greywolf_messaging.cpp' failed; ex=Error: spawn ENOTDIR
Opening repository for path='/home/jpierro/Dropbox/Danville_Eng/GreyWolf/greywolf_3960_0_1/greywolf_spi.cpp' failed; ex=Error: spawn ENOTDIR
